<?xml version="1.0" encoding="UTF-8"?>
<testsuite xmlns:xsi="http://www.w3.org/2001/XMLSchema-instance" xsi:noNamespaceSchemaLocation="https://maven.apache.org/surefire/maven-surefire-plugin/xsd/surefire-test-report.xsd" version="3.0.2" name="TestSuite" time="13.516" tests="9" errors="0" skipped="0" failures="0">
  <properties>
    <property name="java.specification.version" value="21"/>
    <property name="sun.cpu.isalist" value="amd64"/>
    <property name="sun.jnu.encoding" value="Cp1252"/>
    <property name="sun.awt.enableExtraMouseButtons" value="true"/>
    <property name="java.class.path" value="D:\DucThanh\demoblaze\target\test-classes;D:\DucThanh\demoblaze\target\classes;C:\Users\mrdon\.m2\repository\org\seleniumhq\selenium\selenium-java\4.33.0\selenium-java-4.33.0.jar;C:\Users\mrdon\.m2\repository\org\seleniumhq\selenium\selenium-api\4.33.0\selenium-api-4.33.0.jar;C:\Users\mrdon\.m2\repository\org\jspecify\jspecify\1.0.0\jspecify-1.0.0.jar;C:\Users\mrdon\.m2\repository\org\seleniumhq\selenium\selenium-chrome-driver\4.33.0\selenium-chrome-driver-4.33.0.jar;C:\Users\mrdon\.m2\repository\com\google\auto\service\auto-service-annotations\1.1.1\auto-service-annotations-1.1.1.jar;C:\Users\mrdon\.m2\repository\org\seleniumhq\selenium\selenium-chromium-driver\4.33.0\selenium-chromium-driver-4.33.0.jar;C:\Users\mrdon\.m2\repository\org\seleniumhq\selenium\selenium-json\4.33.0\selenium-json-4.33.0.jar;C:\Users\mrdon\.m2\repository\org\seleniumhq\selenium\selenium-manager\4.33.0\selenium-manager-4.33.0.jar;C:\Users\mrdon\.m2\repository\org\seleniumhq\selenium\selenium-devtools-v135\4.33.0\selenium-devtools-v135-4.33.0.jar;C:\Users\mrdon\.m2\repository\org\seleniumhq\selenium\selenium-devtools-v136\4.33.0\selenium-devtools-v136-4.33.0.jar;C:\Users\mrdon\.m2\repository\org\seleniumhq\selenium\selenium-devtools-v137\4.33.0\selenium-devtools-v137-4.33.0.jar;C:\Users\mrdon\.m2\repository\org\seleniumhq\selenium\selenium-edge-driver\4.33.0\selenium-edge-driver-4.33.0.jar;C:\Users\mrdon\.m2\repository\org\seleniumhq\selenium\selenium-firefox-driver\4.33.0\selenium-firefox-driver-4.33.0.jar;C:\Users\mrdon\.m2\repository\org\seleniumhq\selenium\selenium-http\4.33.0\selenium-http-4.33.0.jar;C:\Users\mrdon\.m2\repository\org\seleniumhq\selenium\selenium-ie-driver\4.33.0\selenium-ie-driver-4.33.0.jar;C:\Users\mrdon\.m2\repository\org\seleniumhq\selenium\selenium-remote-driver\4.33.0\selenium-remote-driver-4.33.0.jar;C:\Users\mrdon\.m2\repository\com\google\guava\guava\33.4.8-jre\guava-33.4.8-jre.jar;C:\Users\mrdon\.m2\repository\com\google\guava\failureaccess\1.0.3\failureaccess-1.0.3.jar;C:\Users\mrdon\.m2\repository\com\google\guava\listenablefuture\9999.0-empty-to-avoid-conflict-with-guava\listenablefuture-9999.0-empty-to-avoid-conflict-with-guava.jar;C:\Users\mrdon\.m2\repository\com\google\errorprone\error_prone_annotations\2.36.0\error_prone_annotations-2.36.0.jar;C:\Users\mrdon\.m2\repository\com\google\j2objc\j2objc-annotations\3.0.0\j2objc-annotations-3.0.0.jar;C:\Users\mrdon\.m2\repository\io\opentelemetry\opentelemetry-api\1.50.0\opentelemetry-api-1.50.0.jar;C:\Users\mrdon\.m2\repository\io\opentelemetry\opentelemetry-context\1.50.0\opentelemetry-context-1.50.0.jar;C:\Users\mrdon\.m2\repository\io\opentelemetry\opentelemetry-exporter-logging\1.50.0\opentelemetry-exporter-logging-1.50.0.jar;C:\Users\mrdon\.m2\repository\io\opentelemetry\opentelemetry-sdk-common\1.50.0\opentelemetry-sdk-common-1.50.0.jar;C:\Users\mrdon\.m2\repository\io\opentelemetry\opentelemetry-sdk-extension-autoconfigure-spi\1.50.0\opentelemetry-sdk-extension-autoconfigure-spi-1.50.0.jar;C:\Users\mrdon\.m2\repository\io\opentelemetry\opentelemetry-sdk-extension-autoconfigure\1.50.0\opentelemetry-sdk-extension-autoconfigure-1.50.0.jar;C:\Users\mrdon\.m2\repository\io\opentelemetry\opentelemetry-sdk-trace\1.50.0\opentelemetry-sdk-trace-1.50.0.jar;C:\Users\mrdon\.m2\repository\io\opentelemetry\opentelemetry-sdk\1.50.0\opentelemetry-sdk-1.50.0.jar;C:\Users\mrdon\.m2\repository\io\opentelemetry\opentelemetry-sdk-metrics\1.50.0\opentelemetry-sdk-metrics-1.50.0.jar;C:\Users\mrdon\.m2\repository\io\opentelemetry\opentelemetry-sdk-logs\1.50.0\opentelemetry-sdk-logs-1.50.0.jar;C:\Users\mrdon\.m2\repository\net\bytebuddy\byte-buddy\1.17.5\byte-buddy-1.17.5.jar;C:\Users\mrdon\.m2\repository\org\seleniumhq\selenium\selenium-os\4.33.0\selenium-os-4.33.0.jar;C:\Users\mrdon\.m2\repository\org\apache\commons\commons-exec\1.4.0\commons-exec-1.4.0.jar;C:\Users\mrdon\.m2\repository\org\seleniumhq\selenium\selenium-safari-driver\4.33.0\selenium-safari-driver-4.33.0.jar;C:\Users\mrdon\.m2\repository\org\seleniumhq\selenium\selenium-support\4.33.0\selenium-support-4.33.0.jar;C:\Users\mrdon\.m2\repository\org\apache\poi\poi\5.4.1\poi-5.4.1.jar;C:\Users\mrdon\.m2\repository\commons-codec\commons-codec\1.18.0\commons-codec-1.18.0.jar;C:\Users\mrdon\.m2\repository\org\apache\commons\commons-collections4\4.4\commons-collections4-4.4.jar;C:\Users\mrdon\.m2\repository\org\apache\commons\commons-math3\3.6.1\commons-math3-3.6.1.jar;C:\Users\mrdon\.m2\repository\com\zaxxer\SparseBitSet\1.3\SparseBitSet-1.3.jar;C:\Users\mrdon\.m2\repository\org\apache\poi\poi-ooxml\5.4.1\poi-ooxml-5.4.1.jar;C:\Users\mrdon\.m2\repository\org\apache\poi\poi-ooxml-lite\5.4.1\poi-ooxml-lite-5.4.1.jar;C:\Users\mrdon\.m2\repository\org\apache\xmlbeans\xmlbeans\5.3.0\xmlbeans-5.3.0.jar;C:\Users\mrdon\.m2\repository\org\apache\commons\commons-compress\1.27.1\commons-compress-1.27.1.jar;C:\Users\mrdon\.m2\repository\com\github\virtuald\curvesapi\1.08\curvesapi-1.08.jar;C:\Users\mrdon\.m2\repository\org\apache\logging\log4j\log4j-core\2.25.1\log4j-core-2.25.1.jar;C:\Users\mrdon\.m2\repository\org\apache\logging\log4j\log4j-api\2.25.1\log4j-api-2.25.1.jar;C:\Users\mrdon\.m2\repository\commons-io\commons-io\2.19.0\commons-io-2.19.0.jar;C:\Users\mrdon\.m2\repository\org\apache\commons\commons-lang3\3.17.0\commons-lang3-3.17.0.jar;C:\Users\mrdon\.m2\repository\org\apache\logging\log4j\log4j-slf4j2-impl\2.24.3\log4j-slf4j2-impl-2.24.3.jar;C:\Users\mrdon\.m2\repository\org\slf4j\slf4j-api\2.0.16\slf4j-api-2.0.16.jar;C:\Users\mrdon\.m2\repository\org\testng\testng\7.11.0\testng-7.11.0.jar;C:\Users\mrdon\.m2\repository\org\jcommander\jcommander\1.83\jcommander-1.83.jar;C:\Users\mrdon\.m2\repository\org\webjars\jquery\3.7.1\jquery-3.7.1.jar;C:\Users\mrdon\.m2\repository\com\aventstack\extentreports\5.1.2\extentreports-5.1.2.jar;C:\Users\mrdon\.m2\repository\io\reactivex\rxjava3\rxjava\3.1.6\rxjava-3.1.6.jar;C:\Users\mrdon\.m2\repository\org\reactivestreams\reactive-streams\1.0.4\reactive-streams-1.0.4.jar;C:\Users\mrdon\.m2\repository\org\freemarker\freemarker\2.3.32\freemarker-2.3.32.jar;C:\Users\mrdon\.m2\repository\org\projectlombok\lombok\1.18.26\lombok-1.18.26.jar;C:\Users\mrdon\.m2\repository\com\google\code\gson\gson\2.10.1\gson-2.10.1.jar;"/>
    <property name="java.vm.vendor" value="Oracle Corporation"/>
    <property name="sun.arch.data.model" value="64"/>
    <property name="user.variant" value=""/>
    <property name="java.vendor.url" value="https://java.oracle.com/"/>
    <property name="user.timezone" value="Asia/Saigon"/>
    <property name="os.name" value="Windows 11"/>
    <property name="java.vm.specification.version" value="21"/>
    <property name="sun.java.launcher" value="SUN_STANDARD"/>
    <property name="user.country" value="US"/>
    <property name="sun.boot.library.path" value="D:\DucThanh\jdk-21\bin"/>
    <property name="sun.java.command" value="C:\Users\mrdon\AppData\Local\Temp\surefire7919183303246307030\surefirebooter-20250715154434357_3.jar C:\Users\mrdon\AppData\Local\Temp\surefire7919183303246307030 2025-07-15T15-44-34_022-jvmRun1 surefire-20250715154434357_1tmp surefire_0-20250715154434357_2tmp"/>
    <property name="jdk.debug" value="release"/>
    <property name="surefire.test.class.path" value="D:\DucThanh\demoblaze\target\test-classes;D:\DucThanh\demoblaze\target\classes;C:\Users\mrdon\.m2\repository\org\seleniumhq\selenium\selenium-java\4.33.0\selenium-java-4.33.0.jar;C:\Users\mrdon\.m2\repository\org\seleniumhq\selenium\selenium-api\4.33.0\selenium-api-4.33.0.jar;C:\Users\mrdon\.m2\repository\org\jspecify\jspecify\1.0.0\jspecify-1.0.0.jar;C:\Users\mrdon\.m2\repository\org\seleniumhq\selenium\selenium-chrome-driver\4.33.0\selenium-chrome-driver-4.33.0.jar;C:\Users\mrdon\.m2\repository\com\google\auto\service\auto-service-annotations\1.1.1\auto-service-annotations-1.1.1.jar;C:\Users\mrdon\.m2\repository\org\seleniumhq\selenium\selenium-chromium-driver\4.33.0\selenium-chromium-driver-4.33.0.jar;C:\Users\mrdon\.m2\repository\org\seleniumhq\selenium\selenium-json\4.33.0\selenium-json-4.33.0.jar;C:\Users\mrdon\.m2\repository\org\seleniumhq\selenium\selenium-manager\4.33.0\selenium-manager-4.33.0.jar;C:\Users\mrdon\.m2\repository\org\seleniumhq\selenium\selenium-devtools-v135\4.33.0\selenium-devtools-v135-4.33.0.jar;C:\Users\mrdon\.m2\repository\org\seleniumhq\selenium\selenium-devtools-v136\4.33.0\selenium-devtools-v136-4.33.0.jar;C:\Users\mrdon\.m2\repository\org\seleniumhq\selenium\selenium-devtools-v137\4.33.0\selenium-devtools-v137-4.33.0.jar;C:\Users\mrdon\.m2\repository\org\seleniumhq\selenium\selenium-edge-driver\4.33.0\selenium-edge-driver-4.33.0.jar;C:\Users\mrdon\.m2\repository\org\seleniumhq\selenium\selenium-firefox-driver\4.33.0\selenium-firefox-driver-4.33.0.jar;C:\Users\mrdon\.m2\repository\org\seleniumhq\selenium\selenium-http\4.33.0\selenium-http-4.33.0.jar;C:\Users\mrdon\.m2\repository\org\seleniumhq\selenium\selenium-ie-driver\4.33.0\selenium-ie-driver-4.33.0.jar;C:\Users\mrdon\.m2\repository\org\seleniumhq\selenium\selenium-remote-driver\4.33.0\selenium-remote-driver-4.33.0.jar;C:\Users\mrdon\.m2\repository\com\google\guava\guava\33.4.8-jre\guava-33.4.8-jre.jar;C:\Users\mrdon\.m2\repository\com\google\guava\failureaccess\1.0.3\failureaccess-1.0.3.jar;C:\Users\mrdon\.m2\repository\com\google\guava\listenablefuture\9999.0-empty-to-avoid-conflict-with-guava\listenablefuture-9999.0-empty-to-avoid-conflict-with-guava.jar;C:\Users\mrdon\.m2\repository\com\google\errorprone\error_prone_annotations\2.36.0\error_prone_annotations-2.36.0.jar;C:\Users\mrdon\.m2\repository\com\google\j2objc\j2objc-annotations\3.0.0\j2objc-annotations-3.0.0.jar;C:\Users\mrdon\.m2\repository\io\opentelemetry\opentelemetry-api\1.50.0\opentelemetry-api-1.50.0.jar;C:\Users\mrdon\.m2\repository\io\opentelemetry\opentelemetry-context\1.50.0\opentelemetry-context-1.50.0.jar;C:\Users\mrdon\.m2\repository\io\opentelemetry\opentelemetry-exporter-logging\1.50.0\opentelemetry-exporter-logging-1.50.0.jar;C:\Users\mrdon\.m2\repository\io\opentelemetry\opentelemetry-sdk-common\1.50.0\opentelemetry-sdk-common-1.50.0.jar;C:\Users\mrdon\.m2\repository\io\opentelemetry\opentelemetry-sdk-extension-autoconfigure-spi\1.50.0\opentelemetry-sdk-extension-autoconfigure-spi-1.50.0.jar;C:\Users\mrdon\.m2\repository\io\opentelemetry\opentelemetry-sdk-extension-autoconfigure\1.50.0\opentelemetry-sdk-extension-autoconfigure-1.50.0.jar;C:\Users\mrdon\.m2\repository\io\opentelemetry\opentelemetry-sdk-trace\1.50.0\opentelemetry-sdk-trace-1.50.0.jar;C:\Users\mrdon\.m2\repository\io\opentelemetry\opentelemetry-sdk\1.50.0\opentelemetry-sdk-1.50.0.jar;C:\Users\mrdon\.m2\repository\io\opentelemetry\opentelemetry-sdk-metrics\1.50.0\opentelemetry-sdk-metrics-1.50.0.jar;C:\Users\mrdon\.m2\repository\io\opentelemetry\opentelemetry-sdk-logs\1.50.0\opentelemetry-sdk-logs-1.50.0.jar;C:\Users\mrdon\.m2\repository\net\bytebuddy\byte-buddy\1.17.5\byte-buddy-1.17.5.jar;C:\Users\mrdon\.m2\repository\org\seleniumhq\selenium\selenium-os\4.33.0\selenium-os-4.33.0.jar;C:\Users\mrdon\.m2\repository\org\apache\commons\commons-exec\1.4.0\commons-exec-1.4.0.jar;C:\Users\mrdon\.m2\repository\org\seleniumhq\selenium\selenium-safari-driver\4.33.0\selenium-safari-driver-4.33.0.jar;C:\Users\mrdon\.m2\repository\org\seleniumhq\selenium\selenium-support\4.33.0\selenium-support-4.33.0.jar;C:\Users\mrdon\.m2\repository\org\apache\poi\poi\5.4.1\poi-5.4.1.jar;C:\Users\mrdon\.m2\repository\commons-codec\commons-codec\1.18.0\commons-codec-1.18.0.jar;C:\Users\mrdon\.m2\repository\org\apache\commons\commons-collections4\4.4\commons-collections4-4.4.jar;C:\Users\mrdon\.m2\repository\org\apache\commons\commons-math3\3.6.1\commons-math3-3.6.1.jar;C:\Users\mrdon\.m2\repository\com\zaxxer\SparseBitSet\1.3\SparseBitSet-1.3.jar;C:\Users\mrdon\.m2\repository\org\apache\poi\poi-ooxml\5.4.1\poi-ooxml-5.4.1.jar;C:\Users\mrdon\.m2\repository\org\apache\poi\poi-ooxml-lite\5.4.1\poi-ooxml-lite-5.4.1.jar;C:\Users\mrdon\.m2\repository\org\apache\xmlbeans\xmlbeans\5.3.0\xmlbeans-5.3.0.jar;C:\Users\mrdon\.m2\repository\org\apache\commons\commons-compress\1.27.1\commons-compress-1.27.1.jar;C:\Users\mrdon\.m2\repository\com\github\virtuald\curvesapi\1.08\curvesapi-1.08.jar;C:\Users\mrdon\.m2\repository\org\apache\logging\log4j\log4j-core\2.25.1\log4j-core-2.25.1.jar;C:\Users\mrdon\.m2\repository\org\apache\logging\log4j\log4j-api\2.25.1\log4j-api-2.25.1.jar;C:\Users\mrdon\.m2\repository\commons-io\commons-io\2.19.0\commons-io-2.19.0.jar;C:\Users\mrdon\.m2\repository\org\apache\commons\commons-lang3\3.17.0\commons-lang3-3.17.0.jar;C:\Users\mrdon\.m2\repository\org\apache\logging\log4j\log4j-slf4j2-impl\2.24.3\log4j-slf4j2-impl-2.24.3.jar;C:\Users\mrdon\.m2\repository\org\slf4j\slf4j-api\2.0.16\slf4j-api-2.0.16.jar;C:\Users\mrdon\.m2\repository\org\testng\testng\7.11.0\testng-7.11.0.jar;C:\Users\mrdon\.m2\repository\org\jcommander\jcommander\1.83\jcommander-1.83.jar;C:\Users\mrdon\.m2\repository\org\webjars\jquery\3.7.1\jquery-3.7.1.jar;C:\Users\mrdon\.m2\repository\com\aventstack\extentreports\5.1.2\extentreports-5.1.2.jar;C:\Users\mrdon\.m2\repository\io\reactivex\rxjava3\rxjava\3.1.6\rxjava-3.1.6.jar;C:\Users\mrdon\.m2\repository\org\reactivestreams\reactive-streams\1.0.4\reactive-streams-1.0.4.jar;C:\Users\mrdon\.m2\repository\org\freemarker\freemarker\2.3.32\freemarker-2.3.32.jar;C:\Users\mrdon\.m2\repository\org\projectlombok\lombok\1.18.26\lombok-1.18.26.jar;C:\Users\mrdon\.m2\repository\com\google\code\gson\gson\2.10.1\gson-2.10.1.jar;"/>
    <property name="sun.cpu.endian" value="little"/>
    <property name="user.home" value="C:\Users\mrdon"/>
    <property name="user.language" value="en"/>
    <property name="java.specification.vendor" value="Oracle Corporation"/>
    <property name="java.version.date" value="2023-09-19"/>
    <property name="java.home" value="D:\DucThanh\jdk-21"/>
    <property name="file.separator" value="\"/>
    <property name="basedir" value="D:\DucThanh\demoblaze"/>
    <property name="java.vm.compressedOopsMode" value="Zero based"/>
    <property name="line.separator" value="&#10;"/>
    <property name="java.vm.specification.vendor" value="Oracle Corporation"/>
    <property name="java.specification.name" value="Java Platform API Specification"/>
    <property name="surefire.real.class.path" value="C:\Users\mrdon\AppData\Local\Temp\surefire7919183303246307030\surefirebooter-20250715154434357_3.jar"/>
    <property name="user.script" value=""/>
    <property name="sun.management.compiler" value="HotSpot 64-Bit Tiered Compilers"/>
    <property name="java.runtime.version" value="21+35-LTS-2513"/>
    <property name="user.name" value="mrdon"/>
    <property name="stdout.encoding" value="Cp1252"/>
    <property name="path.separator" value=";"/>
    <property name="os.version" value="10.0"/>
    <property name="java.runtime.name" value="Java(TM) SE Runtime Environment"/>
    <property name="file.encoding" value="UTF-8"/>
    <property name="java.vm.name" value="Java HotSpot(TM) 64-Bit Server VM"/>
    <property name="localRepository" value="C:\Users\mrdon\.m2\repository"/>
    <property name="java.vendor.url.bug" value="https://bugreport.java.com/bugreport/"/>
    <property name="java.io.tmpdir" value="C:\Users\mrdon\AppData\Local\Temp\"/>
    <property name="java.version" value="21"/>
    <property name="user.dir" value="D:\DucThanh\demoblaze"/>
    <property name="os.arch" value="amd64"/>
    <property name="java.vm.specification.name" value="Java Virtual Machine Specification"/>
    <property name="sun.os.patch.level" value=""/>
    <property name="native.encoding" value="Cp1252"/>
    <property name="java.library.path" value="D:\DucThanh\jdk-21\bin;C:\WINDOWS\Sun\Java\bin;C:\WINDOWS\system32;C:\WINDOWS;C:\Program Files\Common Files\Oracle\Java\javapath;C:\windows\system32;C:\windows;C:\windows\System32\Wbem;C:\windows\System32\WindowsPowerShell\v1.0\;C:\windows\System32\OpenSSH\;C:\Program Files (x86)\NVIDIA Corporation\PhysX\Common;C:\WINDOWS\system32;C:\WINDOWS;C:\WINDOWS\System32\Wbem;C:\WINDOWS\System32\WindowsPowerShell\v1.0\;C:\WINDOWS\System32\OpenSSH\;C:\Users\mrdon\Documents\jdk-19.0.1_windows-x64_bin\jdk-19.0.1\bin;C:\Program Files\Microsoft SQL Server\Client SDK\ODBC\170\Tools\Binn\;C:\Program Files (x86)\Microsoft SQL Server\160\Tools\Binn\;C:\Program Files\Microsoft SQL Server\160\Tools\Binn\;C:\Program Files\Microsoft SQL Server\160\DTS\Binn\;C:\Program Files\HP\HP One Agent;C:\WINDOWS\system32;C:\WINDOWS;C:\WINDOWS\System32\Wbem;C:\WINDOWS\System32\WindowsPowerShell\v1.0\;C:\WINDOWS\System32\OpenSSH\;C:\Program Files\NVIDIA Corporation\NVIDIA app\NvDLISR;D:\DucThanh\jdk-21\\bin;C:\Users\mrdon\AppData\Local\Android\Sdk\platform-tools;C:\Users\mrdon\AppData\Local\Android\Sdk\emulator;C:\ProgramData\chocolatey\bin;C:\Users\mrdon\AppData\Roaming\Microsoft\Windows\Start Menu\Programs\Python 3.13;D:\DucThanh\apache-maven-3.9.10\bin;C:\Users\mrdon\AppData\Local\Programs\Python\Launcher\;C:\Users\mrdon\AppData\Local\Microsoft\WindowsApps;C:\Program Files\Azure Data Studio\bin;D:\DucThanh\IntelliJ IDEA Community Edition 2023.2\bin;;C:\xampp\php;C:\Users\mrdon\AppData\Roaming\npm;."/>
    <property name="java.vm.info" value="mixed mode, sharing"/>
    <property name="stderr.encoding" value="Cp1252"/>
    <property name="java.vendor" value="Oracle Corporation"/>
    <property name="java.vm.version" value="21+35-LTS-2513"/>
    <property name="sun.io.unicode.encoding" value="UnicodeLittle"/>
    <property name="java.class.version" value="65.0"/>
  </properties>
  <testcase name="verifyHomePageTitle" classname="tests.HomePageTest" time="0.033">
    <system-out><![CDATA[[WARN ] 15-07-2025 15:44:40 [main] TestNGContentHandler - Failed to read [/D:/DucThanh/demoblaze/testng-1.0.dtd] from CLASSPATH. Attempting to read from [file:///D:/DucThanh/demoblaze/testng-1.0.dtd].
[WARN ] 15-07-2025 15:44:40 [main] TestNGContentHandler - It is strongly recommended to add "<!DOCTYPE suite SYSTEM "https://testng.org/testng-1.1.dtd" >" at the top of the suite file [D:\DucThanh\demoblaze\grouping.xml] otherwise TestNG may fail or not work as expected.
[INFO ] 15-07-2025 15:44:40 [main] BaseTest - ===== Starting test setup =====
[INFO ] 15-07-2025 15:44:42 [main] BaseTest - ChromeDriver initialized.
[INFO ] 15-07-2025 15:44:44 [main] BaseTest - Running test: verifyHomePageTitle
[INFO ] 15-07-2025 15:44:44 [main] BaseTest - Verified homepage title is 'STORE'
]]></system-out>
    <system-err><![CDATA[Ability to run JUnit tests via TestNG was deprecated in v7.7.0 and is NOW being removed permanently. If you would like to run a mixture of TestNG and JUnit tests then please take a look at  https://github.com/junit-team/testng-engine which is now maintained by the JUnit team
Ability to run JUnit tests via TestNG was deprecated in v7.7.0 and is NOW being removed permanently. If you would like to run a mixture of TestNG and JUnit tests then please take a look at  https://github.com/junit-team/testng-engine which is now maintained by the JUnit team
Jul 15, 2025 3:44:42 PM org.openqa.selenium.devtools.CdpVersionFinder findNearestMatch
WARNING: Unable to find an exact match for CDP version 138, returning the closest version; found: 137; Please update to a Selenium version that supports CDP version 138
]]></system-err>
  </testcase>
  <testcase name="verifyLogoIsDisplayed" classname="tests.HomePageTest" time="0.14">
    <system-out><![CDATA[[INFO ] 15-07-2025 15:44:44 [main] BaseTest - Running test: verifyLogoIsDisplayed
[INFO ] 15-07-2025 15:44:44 [main] BaseTest - Logo is displayed successfully
]]></system-out>
  </testcase>
  <testcase name="verifyNavbarItemsDisplayed" classname="tests.HomePageTest" time="0.124">
    <system-out><![CDATA[[INFO ] 15-07-2025 15:44:44 [main] BaseTest - Running test: verifyNavbarItemsDisplayed
[[ChromeDriver: chrome on windows (c86f8bbc568d8e54430eec01d85ef97f)] -> class name: nav-item]
[[ChromeDriver: chrome on windows (c86f8bbc568d8e54430eec01d85ef97f)] -> class name: nav-item]
[[ChromeDriver: chrome on windows (c86f8bbc568d8e54430eec01d85ef97f)] -> class name: nav-item]
[[ChromeDriver: chrome on windows (c86f8bbc568d8e54430eec01d85ef97f)] -> class name: nav-item]
[[ChromeDriver: chrome on windows (c86f8bbc568d8e54430eec01d85ef97f)] -> class name: nav-item]
[[ChromeDriver: chrome on windows (c86f8bbc568d8e54430eec01d85ef97f)] -> class name: nav-item]
[[ChromeDriver: chrome on windows (c86f8bbc568d8e54430eec01d85ef97f)] -> class name: nav-item]
[[ChromeDriver: chrome on windows (c86f8bbc568d8e54430eec01d85ef97f)] -> class name: nav-item]
[INFO ] 15-07-2025 15:44:44 [main] BaseTest - Navbar items count is correct
]]></system-out>
  </testcase>
  <testcase name="verifyCarouselHasThreeSlides" classname="tests.HomePageTest" time="0.016">
    <system-out><![CDATA[[INFO ] 15-07-2025 15:44:44 [main] BaseTest - Running test: verifyCarouselHasThreeSlides
[INFO ] 15-07-2025 15:44:44 [main] BaseTest - Carousel has 3 slides
]]></system-out>
  </testcase>
  <testcase name="verifyCarouselIsDisplayed" classname="tests.HomePageTest" time="0.028">
    <system-out><![CDATA[[INFO ] 15-07-2025 15:44:44 [main] BaseTest - Running test: verifyCarouselIsDisplayed
[INFO ] 15-07-2025 15:44:44 [main] BaseTest - Carousel is displayed
]]></system-out>
  </testcase>
  <testcase name="verifyCarouselAutoSlides" classname="tests.HomePageTest" time="4.8">
    <system-out><![CDATA[[INFO ] 15-07-2025 15:44:44 [main] BaseTest - Running test: verifyCarouselAutoSlides
[INFO ] 15-07-2025 15:44:49 [main] BaseTest - Carousel auto-slide verified
]]></system-out>
  </testcase>
  <testcase name="verifyClickNextOnCarousel" classname="tests.HomePageTest" time="0.672">
    <system-out><![CDATA[[INFO ] 15-07-2025 15:44:49 [main] BaseTest - Running test: verifyClickNextOnCarousel
[INFO ] 15-07-2025 15:44:50 [main] BaseTest - Verified clicking next on carousel returns false (as expected)
]]></system-out>
  </testcase>
  <testcase name="verifyClickPrevOnCarousel" classname="tests.HomePageTest" time="1.18">
    <system-out><![CDATA[[INFO ] 15-07-2025 15:44:50 [main] BaseTest - Running test: verifyClickPrevOnCarousel
[INFO ] 15-07-2025 15:44:51 [main] BaseTest - Verified clicking previous on carousel
]]></system-out>
  </testcase>
  <testcase name="verifyProductListIsVisible" classname="tests.HomePageTest" time="0.195">
    <system-out><![CDATA[[INFO ] 15-07-2025 15:44:51 [main] BaseTest - Running test: verifyProductListIsVisible
[INFO ] 15-07-2025 15:44:51 [main] BaseTest - ------List of Product------
Name Product: Samsung galaxy s6
Name Product: Nokia lumia 1520
Name Product: Nexus 6
Name Product: Samsung galaxy s7
Name Product: Iphone 6 32gb
Name Product: Sony xperia z5
Name Product: HTC One M9
Name Product: Sony vaio i5
Name Product: Sony vaio i7
[INFO ] 15-07-2025 15:44:51 [main] BaseTest - Product list is visible with correct count
]]></system-out>
  </testcase>
</testsuite>