<?xml version="1.0" encoding="UTF-8"?>
<!-- Generated by org.testng.reporters.JUnitReportReporter -->
<testsuite hostname="Thanh2211" failures="0" tests="23" name="tests.HomePageTest" time="71.555" errors="0" timestamp="2025-08-04T21:23:22 GMT+07:00" skipped="0">
  <testcase classname="tests.HomePageTest" name="verifyHomePageTitle" time="1.896"/>
  <testcase classname="tests.HomePageTest" name="verifyLogoIsDisplayed" time="1.502"/>
  <testcase classname="tests.HomePageTest" name="verifyNavbarItemsDisplayed" time="2.084"/>
  <testcase classname="tests.HomePageTest" name="verifyCarouselHasThreeSlides" time="1.906"/>
  <testcase classname="tests.HomePageTest" name="verifyCarouselIsDisplayed" time="1.969"/>
  <testcase classname="tests.HomePageTest" name="verifyCarouselAutoSlides" time="6.928"/>
  <testcase classname="tests.HomePageTest" name="verifyClickNextOnCarousel" time="2.822"/>
  <testcase classname="tests.HomePageTest" name="verifyClickPrevOnCarousel" time="2.100"/>
  <testcase classname="tests.HomePageTest" name="verifyProductListIsVisible" time="2.334"/>
  <testcase classname="tests.HomePageTest" name="verifyFilterPhones" time="2.376"/>
  <testcase classname="tests.HomePageTest" name="verifyFilterLaptops" time="2.426"/>
  <testcase classname="tests.HomePageTest" name="verifyFilterMonitors" time="2.669"/>
  <testcase classname="tests.HomePageTest" name="verifyNextPageNavigation" time="3.297"/>
  <testcase classname="tests.HomePageTest" name="verifyPrevPageNavigation" time="2.899"/>
  <testcase classname="tests.HomePageTest" name="verifyProductDetailNavigation" time="2.911"/>
  <testcase classname="tests.HomePageTest" name="verifyCartPageNavigation" time="2.573"/>
  <testcase classname="tests.HomePageTest" name="verifyContactPopup" time="2.256"/>
  <testcase classname="tests.HomePageTest" name="verifyLoginPopup" time="2.401"/>
  <testcase classname="tests.HomePageTest" name="verifyAboutUsPopup" time="2.639"/>
  <testcase classname="tests.HomePageTest" name="verifySignUpPopup" time="2.565"/>
  <testcase classname="tests.HomePageTest" name="verifyAddtoCart" time="5.237"/>
  <testcase classname="tests.HomePageTest" name="verifyDeleteProductFromCart" time="7.528"/>
  <testcase classname="tests.HomePageTest" name="verifyCheckOutSuccessful" time="6.237"/>
</testsuite> <!-- tests.HomePageTest -->
