<?xml version="1.0" encoding="UTF-8"?>
<!-- Generated by org.testng.reporters.JUnitReportReporter -->
<testsuite hostname="Thanh2211" failures="0" tests="1" name="tests.SignUpTest" time="2.158" errors="0" timestamp="2025-07-14T20:48:34 GMT+07:00" skipped="0">
  <testcase classname="tests.SignUpTest" name="verifySignUp" time="2.158"/>
</testsuite> <!-- tests.SignUpTest -->
