<?xml version="1.0" encoding="UTF-8"?>
<!-- Generated by org.testng.reporters.JUnitReportReporter -->
<testsuite hostname="Thanh2211" failures="0" tests="1" name="tests.ContactPageTest" time="1.612" errors="0" timestamp="2025-07-12T18:46:23 GMT+07:00" skipped="0">
  <testcase classname="tests.ContactPageTest" name="verifyInputContact" time="1.612"/>
</testsuite> <!-- tests.ContactPageTest -->
