<?xml version="1.0" encoding="UTF-8"?>
<!-- Generated by org.testng.reporters.JUnitReportReporter -->
<testsuite hostname="Thanh2211" failures="0" tests="1" name="tests.AboutUsPageTest" time="1.287" errors="0" timestamp="2025-07-12T19:13:48 GMT+07:00" skipped="0">
  <testcase classname="tests.AboutUsPageTest" name="verifyOpenAndClose" time="1.287"/>
</testsuite> <!-- tests.AboutUsPageTest -->
