<?xml version="1.0" encoding="UTF-8"?>
<!-- Generated by org.testng.reporters.JUnitReportReporter -->
<testsuite hostname="Thanh2211" failures="0" tests="9" name="tests.HomePageTest" time="7.163" errors="0" timestamp="2025-07-15T15:44:53 ICT" skipped="0">
  <testcase classname="tests.HomePageTest" name="verifyHomePageTitle" time="0.014"/>
  <testcase classname="tests.HomePageTest" name="verifyLogoIsDisplayed" time="0.139"/>
  <testcase classname="tests.HomePageTest" name="verifyNavbarItemsDisplayed" time="0.123"/>
  <testcase classname="tests.HomePageTest" name="verifyCarouselHasThreeSlides" time="0.016"/>
  <testcase classname="tests.HomePageTest" name="verifyCarouselIsDisplayed" time="0.025"/>
  <testcase classname="tests.HomePageTest" name="verifyCarouselAutoSlides" time="4.800"/>
  <testcase classname="tests.HomePageTest" name="verifyClickNextOnCarousel" time="0.671"/>
  <testcase classname="tests.HomePageTest" name="verifyClickPrevOnCarousel" time="1.180"/>
  <testcase classname="tests.HomePageTest" name="verifyProductListIsVisible" time="0.195"/>
</testsuite> <!-- tests.HomePageTest -->
